\BOOKMARK [1][-]{section.1}{Vorbereitung}{}% 1
\BOOKMARK [2][-]{subsection.1.1}{Aufgabenstellung}{section.1}% 2
\BOOKMARK [2][-]{subsection.1.2}{Durchf\374hrung und Messergebnisse}{section.1}% 3
\BOOKMARK [1][-]{section.2}{Widerstandsthermometer}{}% 4
\BOOKMARK [2][-]{subsection.2.1}{Aufgabenstellung}{section.2}% 5
\BOOKMARK [2][-]{subsection.2.2}{Versuchsaufbau}{section.2}% 6
\BOOKMARK [2][-]{subsection.2.3}{Durchf\374hrung}{section.2}% 7
\BOOKMARK [2][-]{subsection.2.4}{Messergebnisse}{section.2}% 8
\BOOKMARK [2][-]{subsection.2.5}{Fazit}{section.2}% 9
\BOOKMARK [1][-]{section.3}{Thermoelement}{}% 10
\BOOKMARK [2][-]{subsection.3.1}{Aufgabenstellung}{section.3}% 11
\BOOKMARK [2][-]{subsection.3.2}{Versuchsaufbau}{section.3}% 12
\BOOKMARK [2][-]{subsection.3.3}{Durchf\374hrung}{section.3}% 13
\BOOKMARK [2][-]{subsection.3.4}{Messergebnisse}{section.3}% 14
\BOOKMARK [2][-]{subsection.3.5}{Fazit}{section.3}% 15
\BOOKMARK [1][-]{section.4}{Einfluss des Leitungswiderstandes}{}% 16
\BOOKMARK [2][-]{subsection.4.1}{Aufgabenstellung}{section.4}% 17
\BOOKMARK [2][-]{subsection.4.2}{Versuchsaufbau}{section.4}% 18
\BOOKMARK [2][-]{subsection.4.3}{Durchf\374hrung}{section.4}% 19
\BOOKMARK [2][-]{subsection.4.4}{Messergebnisse}{section.4}% 20
\BOOKMARK [2][-]{subsection.4.5}{Fazit}{section.4}% 21
\BOOKMARK [1][-]{section.5}{Sprungantwort}{}% 22
\BOOKMARK [2][-]{subsection.5.1}{Aufgabenstellung}{section.5}% 23
\BOOKMARK [2][-]{subsection.5.2}{Versuchsaufbau}{section.5}% 24
\BOOKMARK [2][-]{subsection.5.3}{Durchf\374hrung}{section.5}% 25
\BOOKMARK [2][-]{subsection.5.4}{Messergebnisse}{section.5}% 26
\BOOKMARK [2][-]{subsection.5.5}{Fazit}{section.5}% 27
